app/build/intermediates/manifest_merge_blame_file/debug/manifest-merger-blame-debug-report.txt
1<?xml version="1.0" encoding="utf-8"?>
2<manifest xmlns:android="http://schemas.android.com/apk/res/android"
3    package="com.seoul42.relief_post_office"
4    android:versionCode="1"
5    android:versionName="1.0" >
6
7    <uses-sdk
8        android:minSdkVersion="23"
8-->src\main\AndroidManifest.xml
9        android:targetSdkVersion="32" />
9-->src\main\AndroidManifest.xml
10
11    <uses-permission android:name="android.permission.INTERNET" />
11-->src\main\AndroidManifest.xml:6:5-67
11-->src\main\AndroidManifest.xml:6:22-64
12    <uses-permission android:name="android.permission.ACCESS_NETWORK_STATE" />
12-->src\main\AndroidManifest.xml:7:5-79
12-->src\main\AndroidManifest.xml:7:22-76
13    <uses-permission android:name="android.permission.CALL_PHONE" />
13-->src\main\AndroidManifest.xml:8:5-69
13-->src\main\AndroidManifest.xml:8:22-66
14    <uses-permission android:name="android.permission.DIAL_PHONE" />
14-->src\main\AndroidManifest.xml:9:5-69
14-->src\main\AndroidManifest.xml:9:22-66
15    <uses-permission android:name="android.permission.RECEIVE_BOOT_COMPLETED" />
15-->src\main\AndroidManifest.xml:10:5-81
15-->src\main\AndroidManifest.xml:10:22-78
16    <uses-permission android:name="android.permission.FOREGROUND_SERVICE" />
16-->src\main\AndroidManifest.xml:11:5-77
16-->src\main\AndroidManifest.xml:11:22-74
17    <uses-permission android:name="android.permission.REQUEST_IGNORE_BATTERY_OPTIMIZATIONS" />
17-->src\main\AndroidManifest.xml:12:5-95
17-->src\main\AndroidManifest.xml:12:22-92
18    <uses-permission android:name="android.permission.WRITE_EXTERNAL_STORAGE" />
18-->src\main\AndroidManifest.xml:13:5-81
18-->src\main\AndroidManifest.xml:13:22-78
19    <uses-permission android:name="android.permission.READ_EXTERNAL_STORAGE" />
19-->src\main\AndroidManifest.xml:14:5-80
19-->src\main\AndroidManifest.xml:14:22-77
20    <uses-permission android:name="com.rightline.backgroundrepeatapp.permission.ACTION_REPEAT" />
20-->src\main\AndroidManifest.xml:15:5-98
20-->src\main\AndroidManifest.xml:15:22-95
21    <uses-permission android:name="android.permission.USE_FULL_SCREEN_INTENT" />
21-->src\main\AndroidManifest.xml:16:5-81
21-->src\main\AndroidManifest.xml:16:22-78
22    <uses-permission android:name="android.permission.SCHEDULE_EXACT_ALARM" />
22-->src\main\AndroidManifest.xml:17:5-79
22-->src\main\AndroidManifest.xml:17:22-76
23    <uses-permission android:name="android.permission.VIBRATE" />
23-->src\main\AndroidManifest.xml:18:5-66
23-->src\main\AndroidManifest.xml:18:22-63
24
25    <permission
25-->src\main\AndroidManifest.xml:20:5-23:43
26        android:name="com.rightline.backgroundrepeatapp.permission.ACTION_REPEAT"
26-->src\main\AndroidManifest.xml:21:9-82
27        android:protectionLevel="signature" />
27-->src\main\AndroidManifest.xml:22:9-44
28
29    <uses-permission android:name="android.permission.WAKE_LOCK" /> <!-- Required by older versions of Google Play services to create IID tokens -->
29-->[com.google.firebase:firebase-messaging:23.0.5] AndroidManifest.xml:26:5-68
29-->[com.google.firebase:firebase-messaging:23.0.5] AndroidManifest.xml:26:22-65
30    <uses-permission android:name="com.google.android.c2dm.permission.RECEIVE" />
30-->[com.google.firebase:firebase-messaging:23.0.5] AndroidManifest.xml:28:5-82
30-->[com.google.firebase:firebase-messaging:23.0.5] AndroidManifest.xml:28:22-79
31    <uses-permission android:name="com.google.android.gms.permission.AD_ID" />
31-->[com.google.android.gms:play-services-measurement-api:21.0.0] AndroidManifest.xml:25:5-79
31-->[com.google.android.gms:play-services-measurement-api:21.0.0] AndroidManifest.xml:25:22-76
32    <uses-permission android:name="com.google.android.finsky.permission.BIND_GET_INSTALL_REFERRER_SERVICE" />
32-->[com.google.android.gms:play-services-measurement:21.0.0] AndroidManifest.xml:26:5-110
32-->[com.google.android.gms:play-services-measurement:21.0.0] AndroidManifest.xml:26:22-107
33
34    <application
34-->src\main\AndroidManifest.xml:25:5-108:19
35        android:allowBackup="true"
35-->src\main\AndroidManifest.xml:26:9-35
36        android:appComponentFactory="androidx.core.app.CoreComponentFactory"
36-->[androidx.core:core:1.7.0] AndroidManifest.xml:24:18-86
37        android:debuggable="true"
38        android:extractNativeLibs="false"
39        android:icon="@mipmap/ic_launcher"
39-->src\main\AndroidManifest.xml:27:9-43
40        android:label="@string/app_name"
40-->src\main\AndroidManifest.xml:28:9-41
41        android:roundIcon="@mipmap/ic_launcher_round"
41-->src\main\AndroidManifest.xml:29:9-54
42        android:supportsRtl="true"
42-->src\main\AndroidManifest.xml:30:9-35
43        android:testOnly="true"
44        android:theme="@style/Theme.Relief_post_office"
44-->src\main\AndroidManifest.xml:31:9-56
45        android:usesCleartextTraffic="true" >
45-->src\main\AndroidManifest.xml:32:9-44
46        <activity
46-->src\main\AndroidManifest.xml:33:9-35:40
47            android:name="com.seoul42.relief_post_office.safety.EditSafetyActivity"
47-->src\main\AndroidManifest.xml:34:13-54
48            android:exported="false" />
48-->src\main\AndroidManifest.xml:35:13-37
49        <activity
49-->src\main\AndroidManifest.xml:36:9-38:40
50            android:name="com.seoul42.relief_post_office.safety.SafetyMake"
50-->src\main\AndroidManifest.xml:37:13-46
51            android:exported="false" />
51-->src\main\AndroidManifest.xml:38:13-37
52        <activity
52-->src\main\AndroidManifest.xml:39:9-48:20
53            android:name="com.seoul42.relief_post_office.service.CheckLoginService"
53-->src\main\AndroidManifest.xml:40:13-54
54            android:exported="true" >
54-->src\main\AndroidManifest.xml:41:13-36
55            <intent-filter>
55-->src\main\AndroidManifest.xml:42:13-47:29
56                <action android:name="android.intent.action.MAIN" />
56-->src\main\AndroidManifest.xml:43:17-69
56-->src\main\AndroidManifest.xml:43:25-66
57                <action android:name="android.intent.action.VIEW" />
57-->src\main\AndroidManifest.xml:44:17-69
57-->src\main\AndroidManifest.xml:44:25-66
58
59                <category android:name="android.intent.category.LAUNCHER" />
59-->src\main\AndroidManifest.xml:46:17-77
59-->src\main\AndroidManifest.xml:46:27-74
60            </intent-filter>
61        </activity>
62        <activity
62-->src\main\AndroidManifest.xml:49:9-51:59
63            android:name="com.seoul42.relief_post_office.MainActivity"
63-->src\main\AndroidManifest.xml:50:13-41
64            android:windowSoftInputMode="adjustNothing" />
64-->src\main\AndroidManifest.xml:51:13-56
65        <activity
65-->src\main\AndroidManifest.xml:52:9-54:59
66            android:name="com.seoul42.relief_post_office.PhoneActivity"
66-->src\main\AndroidManifest.xml:53:13-42
67            android:windowSoftInputMode="adjustNothing" />
67-->src\main\AndroidManifest.xml:54:13-56
68        <activity
68-->src\main\AndroidManifest.xml:55:9-57:59
69            android:name="com.seoul42.relief_post_office.JoinActivity"
69-->src\main\AndroidManifest.xml:56:13-41
70            android:windowSoftInputMode="adjustNothing" />
70-->src\main\AndroidManifest.xml:57:13-56
71        <activity
71-->src\main\AndroidManifest.xml:58:9-61:45
72            android:name="com.seoul42.relief_post_office.guardian.MainFragment"
72-->src\main\AndroidManifest.xml:59:13-50
73            android:windowSoftInputMode="adjustNothing" />
73-->src\main\AndroidManifest.xml:60:13-56
74        <activity
74-->src\main\AndroidManifest.xml:62:9-64:59
75            android:name="com.seoul42.relief_post_office.GuardianBackgroundActivity"
75-->src\main\AndroidManifest.xml:63:13-55
76            android:windowSoftInputMode="adjustNothing" />
76-->src\main\AndroidManifest.xml:64:13-56
77        <activity
77-->src\main\AndroidManifest.xml:65:9-67:59
78            android:name="com.seoul42.relief_post_office.ward.WardActivity"
78-->src\main\AndroidManifest.xml:66:13-46
79            android:windowSoftInputMode="adjustNothing" />
79-->src\main\AndroidManifest.xml:67:13-56
80        <activity
80-->src\main\AndroidManifest.xml:68:9-71:59
81            android:name="com.seoul42.relief_post_office.alarm.AlarmActivity"
81-->src\main\AndroidManifest.xml:69:13-48
82            android:theme="@style/TransparentStatusTheme"
82-->src\main\AndroidManifest.xml:70:13-58
83            android:windowSoftInputMode="adjustNothing" />
83-->src\main\AndroidManifest.xml:71:13-56
84        <activity
84-->src\main\AndroidManifest.xml:72:9-74:59
85            android:name="com.seoul42.relief_post_office.guardian.GuardianProfileActivity"
85-->src\main\AndroidManifest.xml:73:13-61
86            android:windowSoftInputMode="adjustNothing" />
86-->src\main\AndroidManifest.xml:74:13-56
87        <activity
87-->src\main\AndroidManifest.xml:75:9-77:59
88            android:name="com.seoul42.relief_post_office.ward.WardProfileActivity"
88-->src\main\AndroidManifest.xml:76:13-53
89            android:windowSoftInputMode="adjustNothing" />
89-->src\main\AndroidManifest.xml:77:13-56
90
91        <service
91-->src\main\AndroidManifest.xml:79:9-85:19
92            android:name="com.seoul42.relief_post_office.service.MyFirebaseMessagingService"
92-->src\main\AndroidManifest.xml:80:13-63
93            android:exported="false" >
93-->src\main\AndroidManifest.xml:81:13-37
94            <intent-filter>
94-->src\main\AndroidManifest.xml:82:13-84:29
95                <action android:name="com.google.firebase.MESSAGING_EVENT" />
95-->src\main\AndroidManifest.xml:83:17-78
95-->src\main\AndroidManifest.xml:83:25-75
96            </intent-filter>
97        </service>
98
99        <receiver
99-->src\main\AndroidManifest.xml:87:9-95:20
100            android:name="com.seoul42.relief_post_office.alarm.WardReceiver"
100-->src\main\AndroidManifest.xml:88:13-47
101            android:enabled="true"
101-->src\main\AndroidManifest.xml:89:13-35
102            android:exported="true" >
102-->src\main\AndroidManifest.xml:90:13-36
103            <intent-filter>
103-->src\main\AndroidManifest.xml:91:13-94:29
104                <action android:name="com.rightline.backgroundrepeatapp.REPEAT_START" />
104-->src\main\AndroidManifest.xml:92:17-89
104-->src\main\AndroidManifest.xml:92:25-86
105                <action android:name="com.rightline.backgroundrepeatapp.REPEAT_STOP" />
105-->src\main\AndroidManifest.xml:93:17-88
105-->src\main\AndroidManifest.xml:93:25-85
106            </intent-filter>
107        </receiver>
108        <receiver
108-->src\main\AndroidManifest.xml:97:9-106:20
109            android:name="com.seoul42.relief_post_office.alarm.BootCompleteReceiver"
109-->src\main\AndroidManifest.xml:98:13-55
110            android:enabled="true"
110-->src\main\AndroidManifest.xml:99:13-35
111            android:exported="false"
111-->src\main\AndroidManifest.xml:100:13-37
112            android:label="BootCompletedReceiver" >
112-->src\main\AndroidManifest.xml:101:13-50
113            <intent-filter>
113-->src\main\AndroidManifest.xml:102:13-105:29
114                <action android:name="android.intent.action.BOOT_COMPLETED" />
114-->src\main\AndroidManifest.xml:103:17-79
114-->src\main\AndroidManifest.xml:103:25-76
115
116                <category android:name="android.intent.category.DEFAULT" />
116-->src\main\AndroidManifest.xml:104:17-76
116-->src\main\AndroidManifest.xml:104:27-73
117            </intent-filter>
118        </receiver>
119
120        <uses-library
120-->[androidx.window:window:1.0.0] AndroidManifest.xml:25:9-27:40
121            android:name="androidx.window.extensions"
121-->[androidx.window:window:1.0.0] AndroidManifest.xml:26:13-54
122            android:required="false" />
122-->[androidx.window:window:1.0.0] AndroidManifest.xml:27:13-37
123        <uses-library
123-->[androidx.window:window:1.0.0] AndroidManifest.xml:28:9-30:40
124            android:name="androidx.window.sidecar"
124-->[androidx.window:window:1.0.0] AndroidManifest.xml:29:13-51
125            android:required="false" />
125-->[androidx.window:window:1.0.0] AndroidManifest.xml:30:13-37
126
127        <service
127-->[com.google.firebase:firebase-auth-ktx:21.0.5] AndroidManifest.xml:8:9-14:19
128            android:name="com.google.firebase.components.ComponentDiscoveryService"
128-->[com.google.firebase:firebase-auth-ktx:21.0.5] AndroidManifest.xml:9:13-84
129            android:directBootAware="true"
129-->[com.google.firebase:firebase-common:20.1.1] AndroidManifest.xml:35:13-43
130            android:exported="false" >
130-->[com.google.firebase:firebase-auth-ktx:21.0.5] AndroidManifest.xml:10:13-37
131            <meta-data
131-->[com.google.firebase:firebase-auth-ktx:21.0.5] AndroidManifest.xml:11:13-13:85
132                android:name="com.google.firebase.components:com.google.firebase.auth.ktx.FirebaseAuthKtxRegistrar"
132-->[com.google.firebase:firebase-auth-ktx:21.0.5] AndroidManifest.xml:12:17-116
133                android:value="com.google.firebase.components.ComponentRegistrar" />
133-->[com.google.firebase:firebase-auth-ktx:21.0.5] AndroidManifest.xml:13:17-82
134            <meta-data
134-->[com.google.firebase:firebase-auth:21.0.5] AndroidManifest.xml:67:13-69:85
135                android:name="com.google.firebase.components:com.google.firebase.auth.FirebaseAuthRegistrar"
135-->[com.google.firebase:firebase-auth:21.0.5] AndroidManifest.xml:68:17-109
136                android:value="com.google.firebase.components.ComponentRegistrar" />
136-->[com.google.firebase:firebase-auth:21.0.5] AndroidManifest.xml:69:17-82
137            <meta-data
137-->[com.google.firebase:firebase-analytics-ktx:21.0.0] AndroidManifest.xml:11:13-13:85
138                android:name="com.google.firebase.components:com.google.firebase.analytics.ktx.FirebaseAnalyticsKtxRegistrar"
138-->[com.google.firebase:firebase-analytics-ktx:21.0.0] AndroidManifest.xml:12:17-126
139                android:value="com.google.firebase.components.ComponentRegistrar" />
139-->[com.google.firebase:firebase-analytics-ktx:21.0.0] AndroidManifest.xml:13:17-82
140            <meta-data
140-->[com.google.firebase:firebase-database-ktx:20.0.5] AndroidManifest.xml:15:13-17:85
141                android:name="com.google.firebase.components:com.google.firebase.database.ktx.FirebaseDatabaseKtxRegistrar"
141-->[com.google.firebase:firebase-database-ktx:20.0.5] AndroidManifest.xml:16:17-124
142                android:value="com.google.firebase.components.ComponentRegistrar" />
142-->[com.google.firebase:firebase-database-ktx:20.0.5] AndroidManifest.xml:17:17-82
143            <meta-data
143-->[com.google.firebase:firebase-messaging-ktx:23.0.5] AndroidManifest.xml:29:13-31:85
144                android:name="com.google.firebase.components:com.google.firebase.messaging.ktx.FirebaseMessagingKtxRegistrar"
144-->[com.google.firebase:firebase-messaging-ktx:23.0.5] AndroidManifest.xml:30:17-126
145                android:value="com.google.firebase.components.ComponentRegistrar" />
145-->[com.google.firebase:firebase-messaging-ktx:23.0.5] AndroidManifest.xml:31:17-82
146            <meta-data
146-->[com.google.firebase:firebase-storage:20.0.1] AndroidManifest.xml:33:13-35:85
147                android:name="com.google.firebase.components:com.google.firebase.storage.StorageRegistrar"
147-->[com.google.firebase:firebase-storage:20.0.1] AndroidManifest.xml:34:17-107
148                android:value="com.google.firebase.components.ComponentRegistrar" />
148-->[com.google.firebase:firebase-storage:20.0.1] AndroidManifest.xml:35:17-82
149            <meta-data
149-->[com.google.firebase:firebase-database:20.0.5] AndroidManifest.xml:32:13-34:85
150                android:name="com.google.firebase.components:com.google.firebase.database.DatabaseRegistrar"
150-->[com.google.firebase:firebase-database:20.0.5] AndroidManifest.xml:33:17-109
151                android:value="com.google.firebase.components.ComponentRegistrar" />
151-->[com.google.firebase:firebase-database:20.0.5] AndroidManifest.xml:34:17-82
152            <meta-data
152-->[com.google.firebase:firebase-common-ktx:20.1.1] AndroidManifest.xml:15:13-17:85
153                android:name="com.google.firebase.components:com.google.firebase.ktx.FirebaseCommonKtxRegistrar"
153-->[com.google.firebase:firebase-common-ktx:20.1.1] AndroidManifest.xml:16:17-113
154                android:value="com.google.firebase.components.ComponentRegistrar" />
154-->[com.google.firebase:firebase-common-ktx:20.1.1] AndroidManifest.xml:17:17-82
155            <meta-data
155-->[com.google.firebase:firebase-messaging:23.0.5] AndroidManifest.xml:55:13-57:85
156                android:name="com.google.firebase.components:com.google.firebase.messaging.FirebaseMessagingRegistrar"
156-->[com.google.firebase:firebase-messaging:23.0.5] AndroidManifest.xml:56:17-119
157                android:value="com.google.firebase.components.ComponentRegistrar" />
157-->[com.google.firebase:firebase-messaging:23.0.5] AndroidManifest.xml:57:17-82
158            <meta-data
158-->[com.google.android.gms:play-services-measurement-api:21.0.0] AndroidManifest.xml:31:13-33:85
159                android:name="com.google.firebase.components:com.google.firebase.analytics.connector.internal.AnalyticsConnectorRegistrar"
159-->[com.google.android.gms:play-services-measurement-api:21.0.0] AndroidManifest.xml:32:17-139
160                android:value="com.google.firebase.components.ComponentRegistrar" />
160-->[com.google.android.gms:play-services-measurement-api:21.0.0] AndroidManifest.xml:33:17-82
161            <meta-data
161-->[com.google.firebase:firebase-datatransport:18.1.4] AndroidManifest.xml:28:13-30:85
162                android:name="com.google.firebase.components:com.google.firebase.datatransport.TransportRegistrar"
162-->[com.google.firebase:firebase-datatransport:18.1.4] AndroidManifest.xml:29:17-115
163                android:value="com.google.firebase.components.ComponentRegistrar" />
163-->[com.google.firebase:firebase-datatransport:18.1.4] AndroidManifest.xml:30:17-82
164            <meta-data
164-->[com.google.firebase:firebase-installations:17.0.1] AndroidManifest.xml:18:13-20:85
165                android:name="com.google.firebase.components:com.google.firebase.installations.FirebaseInstallationsRegistrar"
165-->[com.google.firebase:firebase-installations:17.0.1] AndroidManifest.xml:19:17-127
166                android:value="com.google.firebase.components.ComponentRegistrar" />
166-->[com.google.firebase:firebase-installations:17.0.1] AndroidManifest.xml:20:17-82
167        </service>
168
169        <activity
169-->[com.google.firebase:firebase-auth:21.0.5] AndroidManifest.xml:27:9-44:20
170            android:name="com.google.firebase.auth.internal.GenericIdpActivity"
170-->[com.google.firebase:firebase-auth:21.0.5] AndroidManifest.xml:28:13-80
171            android:excludeFromRecents="true"
171-->[com.google.firebase:firebase-auth:21.0.5] AndroidManifest.xml:29:13-46
172            android:exported="true"
172-->[com.google.firebase:firebase-auth:21.0.5] AndroidManifest.xml:30:13-36
173            android:launchMode="singleTask"
173-->[com.google.firebase:firebase-auth:21.0.5] AndroidManifest.xml:31:13-44
174            android:theme="@android:style/Theme.Translucent.NoTitleBar" >
174-->[com.google.firebase:firebase-auth:21.0.5] AndroidManifest.xml:32:13-72
175            <intent-filter>
175-->[com.google.firebase:firebase-auth:21.0.5] AndroidManifest.xml:33:13-43:29
176                <action android:name="android.intent.action.VIEW" />
176-->src\main\AndroidManifest.xml:44:17-69
176-->src\main\AndroidManifest.xml:44:25-66
177
178                <category android:name="android.intent.category.DEFAULT" />
178-->src\main\AndroidManifest.xml:104:17-76
178-->src\main\AndroidManifest.xml:104:27-73
179                <category android:name="android.intent.category.BROWSABLE" />
179-->[com.google.firebase:firebase-auth:21.0.5] AndroidManifest.xml:37:17-78
179-->[com.google.firebase:firebase-auth:21.0.5] AndroidManifest.xml:37:27-75
180
181                <data
181-->[com.google.firebase:firebase-auth:21.0.5] AndroidManifest.xml:39:17-42:51
182                    android:host="firebase.auth"
182-->[com.google.firebase:firebase-auth:21.0.5] AndroidManifest.xml:40:21-49
183                    android:path="/"
183-->[com.google.firebase:firebase-auth:21.0.5] AndroidManifest.xml:41:21-37
184                    android:scheme="genericidp" />
184-->[com.google.firebase:firebase-auth:21.0.5] AndroidManifest.xml:42:21-48
185            </intent-filter>
186        </activity>
187        <activity
187-->[com.google.firebase:firebase-auth:21.0.5] AndroidManifest.xml:45:9-62:20
188            android:name="com.google.firebase.auth.internal.RecaptchaActivity"
188-->[com.google.firebase:firebase-auth:21.0.5] AndroidManifest.xml:46:13-79
189            android:excludeFromRecents="true"
189-->[com.google.firebase:firebase-auth:21.0.5] AndroidManifest.xml:47:13-46
190            android:exported="true"
190-->[com.google.firebase:firebase-auth:21.0.5] AndroidManifest.xml:48:13-36
191            android:launchMode="singleTask"
191-->[com.google.firebase:firebase-auth:21.0.5] AndroidManifest.xml:49:13-44
192            android:theme="@android:style/Theme.Translucent.NoTitleBar" >
192-->[com.google.firebase:firebase-auth:21.0.5] AndroidManifest.xml:50:13-72
193            <intent-filter>
193-->[com.google.firebase:firebase-auth:21.0.5] AndroidManifest.xml:51:13-61:29
194                <action android:name="android.intent.action.VIEW" />
194-->src\main\AndroidManifest.xml:44:17-69
194-->src\main\AndroidManifest.xml:44:25-66
195
196                <category android:name="android.intent.category.DEFAULT" />
196-->src\main\AndroidManifest.xml:104:17-76
196-->src\main\AndroidManifest.xml:104:27-73
197                <category android:name="android.intent.category.BROWSABLE" />
197-->[com.google.firebase:firebase-auth:21.0.5] AndroidManifest.xml:37:17-78
197-->[com.google.firebase:firebase-auth:21.0.5] AndroidManifest.xml:37:27-75
198
199                <data
199-->[com.google.firebase:firebase-auth:21.0.5] AndroidManifest.xml:39:17-42:51
200                    android:host="firebase.auth"
200-->[com.google.firebase:firebase-auth:21.0.5] AndroidManifest.xml:40:21-49
201                    android:path="/"
201-->[com.google.firebase:firebase-auth:21.0.5] AndroidManifest.xml:41:21-37
202                    android:scheme="recaptcha" />
202-->[com.google.firebase:firebase-auth:21.0.5] AndroidManifest.xml:42:21-48
203            </intent-filter>
204        </activity>
205
206        <receiver
206-->[com.google.firebase:firebase-messaging:23.0.5] AndroidManifest.xml:31:9-38:20
207            android:name="com.google.firebase.iid.FirebaseInstanceIdReceiver"
207-->[com.google.firebase:firebase-messaging:23.0.5] AndroidManifest.xml:32:13-78
208            android:exported="true"
208-->[com.google.firebase:firebase-messaging:23.0.5] AndroidManifest.xml:33:13-36
209            android:permission="com.google.android.c2dm.permission.SEND" >
209-->[com.google.firebase:firebase-messaging:23.0.5] AndroidManifest.xml:34:13-73
210            <intent-filter>
210-->[com.google.firebase:firebase-messaging:23.0.5] AndroidManifest.xml:35:13-37:29
211                <action android:name="com.google.android.c2dm.intent.RECEIVE" />
211-->[com.google.firebase:firebase-messaging:23.0.5] AndroidManifest.xml:36:17-81
211-->[com.google.firebase:firebase-messaging:23.0.5] AndroidManifest.xml:36:25-78
212            </intent-filter>
213        </receiver>
214        <!--
215             FirebaseMessagingService performs security checks at runtime,
216             but set to not exported to explicitly avoid allowing another app to call it.
217        -->
218        <service
218-->[com.google.firebase:firebase-messaging:23.0.5] AndroidManifest.xml:44:9-51:19
219            android:name="com.google.firebase.messaging.FirebaseMessagingService"
219-->[com.google.firebase:firebase-messaging:23.0.5] AndroidManifest.xml:45:13-82
220            android:directBootAware="true"
220-->[com.google.firebase:firebase-messaging:23.0.5] AndroidManifest.xml:46:13-43
221            android:exported="false" >
221-->[com.google.firebase:firebase-messaging:23.0.5] AndroidManifest.xml:47:13-37
222            <intent-filter android:priority="-500" >
222-->src\main\AndroidManifest.xml:82:13-84:29
223                <action android:name="com.google.firebase.MESSAGING_EVENT" />
223-->src\main\AndroidManifest.xml:83:17-78
223-->src\main\AndroidManifest.xml:83:25-75
224            </intent-filter>
225        </service>
226
227        <provider
227-->[com.google.firebase:firebase-common:20.1.1] AndroidManifest.xml:26:9-31:39
228            android:name="com.google.firebase.provider.FirebaseInitProvider"
228-->[com.google.firebase:firebase-common:20.1.1] AndroidManifest.xml:27:13-77
229            android:authorities="com.seoul42.relief_post_office.firebaseinitprovider"
229-->[com.google.firebase:firebase-common:20.1.1] AndroidManifest.xml:28:13-72
230            android:directBootAware="true"
230-->[com.google.firebase:firebase-common:20.1.1] AndroidManifest.xml:29:13-43
231            android:exported="false"
231-->[com.google.firebase:firebase-common:20.1.1] AndroidManifest.xml:30:13-37
232            android:initOrder="100" />
232-->[com.google.firebase:firebase-common:20.1.1] AndroidManifest.xml:31:13-36
233
234        <activity
234-->[com.google.android.gms:play-services-base:18.0.1] AndroidManifest.xml:20:9-22:45
235            android:name="com.google.android.gms.common.api.GoogleApiActivity"
235-->[com.google.android.gms:play-services-base:18.0.1] AndroidManifest.xml:20:19-85
236            android:exported="false"
236-->[com.google.android.gms:play-services-base:18.0.1] AndroidManifest.xml:22:19-43
237            android:theme="@android:style/Theme.Translucent.NoTitleBar" />
237-->[com.google.android.gms:play-services-base:18.0.1] AndroidManifest.xml:21:19-78
238
239        <receiver
239-->[com.google.android.gms:play-services-measurement:21.0.0] AndroidManifest.xml:29:9-33:20
240            android:name="com.google.android.gms.measurement.AppMeasurementReceiver"
240-->[com.google.android.gms:play-services-measurement:21.0.0] AndroidManifest.xml:30:13-85
241            android:enabled="true"
241-->[com.google.android.gms:play-services-measurement:21.0.0] AndroidManifest.xml:31:13-35
242            android:exported="false" >
242-->[com.google.android.gms:play-services-measurement:21.0.0] AndroidManifest.xml:32:13-37
243        </receiver>
244
245        <service
245-->[com.google.android.gms:play-services-measurement:21.0.0] AndroidManifest.xml:35:9-38:40
246            android:name="com.google.android.gms.measurement.AppMeasurementService"
246-->[com.google.android.gms:play-services-measurement:21.0.0] AndroidManifest.xml:36:13-84
247            android:enabled="true"
247-->[com.google.android.gms:play-services-measurement:21.0.0] AndroidManifest.xml:37:13-35
248            android:exported="false" />
248-->[com.google.android.gms:play-services-measurement:21.0.0] AndroidManifest.xml:38:13-37
249        <service
249-->[com.google.android.gms:play-services-measurement:21.0.0] AndroidManifest.xml:39:9-43:72
250            android:name="com.google.android.gms.measurement.AppMeasurementJobService"
250-->[com.google.android.gms:play-services-measurement:21.0.0] AndroidManifest.xml:40:13-87
251            android:enabled="true"
251-->[com.google.android.gms:play-services-measurement:21.0.0] AndroidManifest.xml:41:13-35
252            android:exported="false"
252-->[com.google.android.gms:play-services-measurement:21.0.0] AndroidManifest.xml:42:13-37
253            android:permission="android.permission.BIND_JOB_SERVICE" />
253-->[com.google.android.gms:play-services-measurement:21.0.0] AndroidManifest.xml:43:13-69
254
255        <meta-data
255-->[com.google.android.gms:play-services-basement:18.0.0] AndroidManifest.xml:21:9-23:69
256            android:name="com.google.android.gms.version"
256-->[com.google.android.gms:play-services-basement:18.0.0] AndroidManifest.xml:22:13-58
257            android:value="@integer/google_play_services_version" />
257-->[com.google.android.gms:play-services-basement:18.0.0] AndroidManifest.xml:23:13-66
258
259        <service
259-->[com.google.android.datatransport:transport-backend-cct:3.1.5] AndroidManifest.xml:29:9-35:19
260            android:name="com.google.android.datatransport.runtime.backends.TransportBackendDiscovery"
260-->[com.google.android.datatransport:transport-backend-cct:3.1.5] AndroidManifest.xml:30:13-103
261            android:exported="false" >
261-->[com.google.android.datatransport:transport-backend-cct:3.1.5] AndroidManifest.xml:31:13-37
262            <meta-data
262-->[com.google.android.datatransport:transport-backend-cct:3.1.5] AndroidManifest.xml:32:13-34:39
263                android:name="backend:com.google.android.datatransport.cct.CctBackendFactory"
263-->[com.google.android.datatransport:transport-backend-cct:3.1.5] AndroidManifest.xml:33:17-94
264                android:value="cct" />
264-->[com.google.android.datatransport:transport-backend-cct:3.1.5] AndroidManifest.xml:34:17-36
265        </service>
266        <service
266-->[com.google.android.datatransport:transport-runtime:3.1.5] AndroidManifest.xml:26:9-30:19
267            android:name="com.google.android.datatransport.runtime.scheduling.jobscheduling.JobInfoSchedulerService"
267-->[com.google.android.datatransport:transport-runtime:3.1.5] AndroidManifest.xml:27:13-117
268            android:exported="false"
268-->[com.google.android.datatransport:transport-runtime:3.1.5] AndroidManifest.xml:28:13-37
269            android:permission="android.permission.BIND_JOB_SERVICE" >
269-->[com.google.android.datatransport:transport-runtime:3.1.5] AndroidManifest.xml:29:13-69
270        </service>
271
272        <receiver